<?xml version="1.0" encoding="UTF-8"?>
<testsuite name="Runner.executeRunner" time="0.002" tests="17" errors="0" skipped="0" failures="2">
  <properties>
    <property name="java.runtime.name" value="Java(TM) SE Runtime Environment"/>
    <property name="sun.boot.library.path" value="C:\Program Files\Java\jdk1.8.0_201\jre\bin"/>
    <property name="java.vm.version" value="25.201-b09"/>
    <property name="java.vm.vendor" value="Oracle Corporation"/>
    <property name="maven.multiModuleProjectDirectory" value="C:\Users\c.mahalingam2\Documents\workspace\BDDFramework"/>
    <property name="java.vendor.url" value="http://java.oracle.com/"/>
    <property name="path.separator" value=";"/>
    <property name="guice.disable.misplaced.annotation.check" value="true"/>
    <property name="java.vm.name" value="Java HotSpot(TM) 64-Bit Server VM"/>
    <property name="file.encoding.pkg" value="sun.io"/>
    <property name="user.script" value=""/>
    <property name="user.country" value="US"/>
    <property name="sun.java.launcher" value="SUN_STANDARD"/>
    <property name="sun.os.patch.level" value=""/>
    <property name="java.vm.specification.name" value="Java Virtual Machine Specification"/>
    <property name="user.dir" value="C:\Users\c.mahalingam2\Documents\workspace\BDDFramework"/>
    <property name="java.runtime.version" value="1.8.0_201-b09"/>
    <property name="java.awt.graphicsenv" value="sun.awt.Win32GraphicsEnvironment"/>
    <property name="java.endorsed.dirs" value="C:\Program Files\Java\jdk1.8.0_201\jre\lib\endorsed"/>
    <property name="os.arch" value="amd64"/>
    <property name="java.io.tmpdir" value="C:\Users\C4C9A~1.MAH\AppData\Local\Temp\"/>
    <property name="line.separator" value="&#10;"/>
    <property name="java.vm.specification.vendor" value="Oracle Corporation"/>
    <property name="user.variant" value=""/>
    <property name="os.name" value="Windows 10"/>
    <property name="classworlds.conf" value="C:\Users\c.mahalingam2\Documents\workspace\.metadata\.plugins\org.eclipse.m2e.launching\launches\m2conf6205344814615633550.tmp"/>
    <property name="sun.jnu.encoding" value="Cp1252"/>
    <property name="java.library.path" value="C:\Program Files\Java\jdk1.8.0_201\bin;C:\WINDOWS\Sun\Java\bin;C:\WINDOWS\system32;C:\WINDOWS;C:/Program Files/Java/jre1.8.0_201/bin/server;C:/Program Files/Java/jre1.8.0_201/bin;C:/Program Files/Java/jre1.8.0_201/lib/amd64;C:\ProgramData\DockerDesktop\version-bin;C:\Program Files\Docker\Docker\Resources\bin;C:\Program Files (x86)\Common Files\Oracle\Java\javapath;C:\WINDOWS\system32;C:\WINDOWS;C:\WINDOWS\System32\Wbem;C:\WINDOWS\System32\WindowsPowerShell\v1.0\;C:\WINDOWS\System32\OpenSSH\;C:\Program Files\Git\cmd;C:\Users\CHEADMIN\AppData\Local\Android\Sdk\platform-tools;C:\Users\CHEADMIN\AppData\Local\Android\Sdk\tools;C:\Users\CHEADMIN\AppData\Local\Android\Sdk\tools\bin;C:\Users\c.mahalingam2\AppData\Local\Microsoft\WindowsApps;;C:\Users\c.mahalingam2\Documents\Eclipse\eclipse-jee-oxygen-3a-win32-x86_64\eclipse;;."/>
    <property name="java.specification.name" value="Java Platform API Specification"/>
    <property name="java.class.version" value="52.0"/>
    <property name="sun.management.compiler" value="HotSpot 64-Bit Tiered Compilers"/>
    <property name="os.version" value="10.0"/>
    <property name="user.home" value="C:\Users\c.mahalingam2"/>
    <property name="user.timezone" value="Asia/Calcutta"/>
    <property name="java.awt.printerjob" value="sun.awt.windows.WPrinterJob"/>
    <property name="java.specification.version" value="1.8"/>
    <property name="file.encoding" value="Cp1252"/>
    <property name="user.name" value="c.mahalingam2"/>
    <property name="java.class.path" value="C:\Users\c.mahalingam2\Documents\Eclipse\eclipse-jee-oxygen-3a-win32-x86_64\eclipse\plugins\org.eclipse.m2e.maven.runtime_1.8.3.20180227-2135\jars\plexus-classworlds-2.5.2.jar"/>
    <property name="java.vm.specification.version" value="1.8"/>
    <property name="sun.arch.data.model" value="64"/>
    <property name="java.home" value="C:\Program Files\Java\jdk1.8.0_201\jre"/>
    <property name="sun.java.command" value="org.codehaus.plexus.classworlds.launcher.Launcher -B clean install"/>
    <property name="java.specification.vendor" value="Oracle Corporation"/>
    <property name="user.language" value="en"/>
    <property name="awt.toolkit" value="sun.awt.windows.WToolkit"/>
    <property name="java.vm.info" value="mixed mode"/>
    <property name="java.version" value="1.8.0_201"/>
    <property name="java.ext.dirs" value="C:\Program Files\Java\jdk1.8.0_201\jre\lib\ext;C:\WINDOWS\Sun\Java\lib\ext"/>
    <property name="sun.boot.class.path" value="C:\Program Files\Java\jdk1.8.0_201\jre\lib\resources.jar;C:\Program Files\Java\jdk1.8.0_201\jre\lib\rt.jar;C:\Program Files\Java\jdk1.8.0_201\jre\lib\sunrsasign.jar;C:\Program Files\Java\jdk1.8.0_201\jre\lib\jsse.jar;C:\Program Files\Java\jdk1.8.0_201\jre\lib\jce.jar;C:\Program Files\Java\jdk1.8.0_201\jre\lib\charsets.jar;C:\Program Files\Java\jdk1.8.0_201\jre\lib\jfr.jar;C:\Program Files\Java\jdk1.8.0_201\jre\classes"/>
    <property name="java.vendor" value="Oracle Corporation"/>
    <property name="maven.home" value="C:\Users\c.mahalingam2\Documents\workspace\BDDFramework\EMBEDDED"/>
    <property name="file.separator" value="\"/>
    <property name="java.vendor.url.bug" value="http://bugreport.sun.com/bugreport/"/>
    <property name="sun.cpu.endian" value="little"/>
    <property name="sun.io.unicode.encoding" value="UnicodeLittle"/>
    <property name="sun.desktop" value="windows"/>
    <property name="sun.cpu.isalist" value="amd64"/>
  </properties>
  <testcase name="Given set base URI" classname="Scenario: Delete existing record and verify the status code" time="0.001"/>
  <testcase name="When I perform delete request" classname="Scenario: Delete existing record and verify the status code" time="0"/>
  <testcase name="Then I validate the status code is equals 200" classname="Scenario: Delete existing record and verify the status code" time="0">
    <failure message="expected:&lt;200&gt; but was:&lt;404&gt;" type="java.lang.AssertionError"><![CDATA[java.lang.AssertionError: expected:<200> but was:<404>
	at org.junit.Assert.fail(Assert.java:88)
	at org.junit.Assert.failNotEquals(Assert.java:834)
	at org.junit.Assert.assertEquals(Assert.java:645)
	at org.junit.Assert.assertEquals(Assert.java:631)
	at StepDefinition.TC_API_deleteRequest.i_validate_the_status_code_is_equals(TC_API_deleteRequest.java:34)
	at ✽.Then I validate the status code is equals 200(deleteRequest.feature:9)
]]></failure>
  </testcase>
  <testcase name="Scenario: Delete existing record and verify the status code" classname="Scenario: Delete existing record and verify the status code" time="0">
    <failure message="expected:&lt;200&gt; but was:&lt;404&gt;" type="java.lang.AssertionError"><![CDATA[java.lang.AssertionError: expected:<200> but was:<404>
	at org.junit.Assert.fail(Assert.java:88)
	at org.junit.Assert.failNotEquals(Assert.java:834)
	at org.junit.Assert.assertEquals(Assert.java:645)
	at org.junit.Assert.assertEquals(Assert.java:631)
	at StepDefinition.TC_API_deleteRequest.i_validate_the_status_code_is_equals(TC_API_deleteRequest.java:34)
	at ✽.Then I validate the status code is equals 200(deleteRequest.feature:9)
]]></failure>
  </testcase>
  <testcase name="Given a base URI" classname="Scenario: To Perform Get Request using Rest Assured Framework" time="0"/>
  <testcase name="When i enter the city" classname="Scenario: To Perform Get Request using Rest Assured Framework" time="0"/>
  <testcase name="Then I get the body response" classname="Scenario: To Perform Get Request using Rest Assured Framework" time="0"/>
  <testcase name="And the status code is equals 200" classname="Scenario: To Perform Get Request using Rest Assured Framework" time="0"/>
  <testcase name="Scenario: To Perform Get Request using Rest Assured Framework" classname="Scenario: To Perform Get Request using Rest Assured Framework" time="0"/>
  <testcase name="Given a Base URI" classname="Scenario: Add a new Response in the Response Body" time="0"/>
  <testcase name="When I add the new entry in the json body using json object" classname="Scenario: Add a new Response in the Response Body" time="0"/>
  <testcase name="Then I validate the status code equals 201" classname="Scenario: Add a new Response in the Response Body" time="0"/>
  <testcase name="Scenario: Add a new Response in the Response Body" classname="Scenario: Add a new Response in the Response Body" time="0.001"/>
  <testcase name="Given a base URI using put request" classname="Scenario: update the json body and verify the status code" time="0"/>
  <testcase name="When I update the existing value in json file using json object" classname="Scenario: update the json body and verify the status code" time="0"/>
  <testcase name="Then I validate the status code is equals to 200" classname="Scenario: update the json body and verify the status code" time="0"/>
  <testcase name="Scenario: update the json body and verify the status code" classname="Scenario: update the json body and verify the status code" time="0"/>
</testsuite>